<?xml version="1.0" encoding="UTF-8"?>
<!-- Generated by org.testng.reporters.JUnitReportReporter -->
<testsuite hostname="DESKTOP-FSQS5S0" failures="0" tests="1" name="Basic.Lunch" time="6.314" errors="0" timestamp="2024-12-20T12:29:23 IST" skipped="0">
  <testcase classname="Basic.Lunch" name="lunchAndUrl" time="6.314"/>
</testsuite> <!-- Basic.Lunch -->
